2025-08-28 23:59:50,781 - INFO - Starting Smart Attendance System...
2025-08-28 23:59:50,784 - INFO - Created directory: data/known_faces
2025-08-28 23:59:50,785 - INFO - Created directory: data/reports
2025-08-28 23:59:50,786 - INFO - Created directory: data/temp
2025-08-28 23:59:50,786 - INFO - Created directory: logs
2025-08-28 23:59:59,287 - INFO - generated new fontManager
2025-08-29 00:00:07,177 - INFO - Database initialized successfully
2025-08-29 00:00:07,178 - INFO - Database initialized successfully
2025-08-29 00:00:07,178 - INFO - Starting Streamlit dashboard...
2025-08-29 00:03:58,961 - INFO - Starting Smart Attendance System...
2025-08-29 00:04:01,091 - INFO - Database initialized successfully
2025-08-29 00:04:01,091 - INFO - Database initialized successfully
2025-08-29 00:04:01,092 - INFO - Starting Streamlit dashboard...
2025-08-29 00:05:30,390 - INFO - Starting Smart Attendance System...
2025-08-29 00:05:31,947 - INFO - Database initialized successfully
2025-08-29 00:05:31,947 - INFO - Database initialized successfully
2025-08-29 00:05:31,948 - INFO - Starting Streamlit dashboard...
2025-08-29 00:06:11,785 - INFO - Starting Smart Attendance System...
2025-08-29 00:06:13,322 - INFO - Database initialized successfully
2025-08-29 00:06:13,322 - INFO - Database initialized successfully
2025-08-29 00:06:13,322 - INFO - Starting Streamlit dashboard...
2025-08-29 00:23:08,618 - INFO - Starting Smart Attendance System...
2025-08-29 00:23:14,935 - INFO - Database initialized successfully
2025-08-29 00:23:14,935 - INFO - Database initialized successfully
2025-08-29 00:23:14,935 - INFO - Starting Streamlit dashboard...
2025-08-29 09:47:52,612 - INFO - Starting Smart Attendance System...
2025-08-29 09:47:52,613 - INFO - Created directory: data/known_faces
2025-08-29 09:47:52,613 - INFO - Created directory: data/reports
2025-08-29 09:47:52,613 - INFO - Created directory: data/temp
2025-08-29 09:47:52,614 - INFO - Created directory: logs
2025-08-29 09:48:02,616 - INFO - Database initialized successfully
2025-08-29 09:48:02,616 - INFO - Database initialized successfully
2025-08-29 09:48:02,616 - INFO - Starting Streamlit dashboard...
2025-08-29 09:50:23,547 - INFO - Starting Smart Attendance System...
2025-08-29 09:50:26,144 - INFO - Database initialized successfully
2025-08-29 09:50:26,144 - INFO - Database initialized successfully
2025-08-29 09:50:26,144 - INFO - Starting Streamlit dashboard...
2025-08-29 09:54:37,133 - INFO - Starting Smart Attendance System...
2025-08-29 09:54:40,377 - INFO - Database initialized successfully
2025-08-29 09:54:40,377 - INFO - Database initialized successfully
2025-08-29 09:54:40,377 - INFO - Starting Streamlit dashboard...
2025-08-29 09:56:24,691 - INFO - Starting Smart Attendance System...
2025-08-29 09:56:27,417 - INFO - Database initialized successfully
2025-08-29 09:56:27,418 - INFO - Database initialized successfully
2025-08-29 09:56:27,418 - INFO - Starting Streamlit dashboard...
2025-08-29 10:02:41,011 - INFO - Starting Smart Attendance System...
2025-08-29 10:02:43,274 - INFO - Database initialized successfully
2025-08-29 10:02:43,274 - INFO - Database initialized successfully
2025-08-29 10:02:43,275 - INFO - Starting Streamlit dashboard...
2025-08-29 10:03:40,649 - INFO - Starting Smart Attendance System...
2025-08-29 10:03:42,816 - INFO - Database initialized successfully
2025-08-29 10:03:42,816 - INFO - Database initialized successfully
2025-08-29 10:03:42,816 - INFO - Starting Streamlit dashboard...
2025-08-29 10:05:37,785 - INFO - Starting Smart Attendance System...
2025-08-29 10:05:39,923 - INFO - Database initialized successfully
2025-08-29 10:05:39,924 - INFO - Database initialized successfully
2025-08-29 10:05:39,924 - INFO - Starting Streamlit dashboard...
2025-08-29 10:06:37,002 - INFO - Starting Smart Attendance System...
2025-08-29 10:06:39,302 - INFO - Database initialized successfully
2025-08-29 10:06:39,303 - INFO - Database initialized successfully
2025-08-29 10:06:39,303 - INFO - Starting Streamlit dashboard...
2025-08-29 10:18:46,584 - INFO - Starting Smart Attendance System...
2025-08-29 10:18:48,644 - INFO - Database initialized successfully
2025-08-29 10:18:48,644 - INFO - Database initialized successfully
2025-08-29 10:18:48,645 - INFO - Starting Streamlit dashboard...
2025-08-29 10:27:51,924 - INFO - Starting Smart Attendance System...
2025-08-29 10:27:54,564 - ERROR - Error starting the application: No module named 'reportlab'
2025-08-29 10:29:15,839 - INFO - Starting Smart Attendance System...
2025-08-29 10:29:16,946 - ERROR - Error starting the application: No module named 'seaborn'
2025-08-29 10:29:42,724 - INFO - Starting Smart Attendance System...
2025-08-29 10:29:43,549 - INFO - Database initialized successfully
2025-08-29 10:29:43,550 - INFO - Database initialized successfully
2025-08-29 10:29:43,550 - INFO - Starting Streamlit dashboard...
2025-08-29 10:32:22,125 - INFO - Starting Smart Attendance System...
2025-08-29 10:32:23,982 - INFO - Database initialized successfully
2025-08-29 10:32:23,982 - INFO - Database initialized successfully
2025-08-29 10:32:23,983 - INFO - Starting Streamlit dashboard...
2025-08-29 12:35:12,187 - INFO - Starting Smart Attendance System...
2025-08-29 12:35:13,685 - INFO - Database initialized successfully
2025-08-29 12:35:13,686 - INFO - Database initialized successfully
2025-08-29 12:35:13,686 - INFO - Starting Streamlit dashboard...
2025-08-29 12:41:40,705 - INFO - Starting Smart Attendance System...
2025-08-29 12:41:42,313 - INFO - Database initialized successfully
2025-08-29 12:41:42,313 - INFO - Database initialized successfully
2025-08-29 12:41:42,313 - INFO - Starting Streamlit dashboard...
2025-08-29 12:53:37,155 - INFO - Starting Smart Attendance System...
2025-08-29 12:53:38,596 - INFO - Database initialized successfully
2025-08-29 12:53:38,597 - INFO - Database initialized successfully
2025-08-29 12:53:38,597 - INFO - Starting Streamlit dashboard...
2025-08-29 13:00:34,471 - INFO - Starting Smart Attendance System...
2025-08-29 13:00:36,005 - INFO - Database initialized successfully
2025-08-29 13:00:36,005 - INFO - Database initialized successfully
2025-08-29 13:00:36,005 - INFO - Starting Streamlit dashboard...
2025-08-29 13:04:12,553 - INFO - Starting Smart Attendance System...
2025-08-29 13:04:13,973 - INFO - Database initialized successfully
2025-08-29 13:04:13,974 - INFO - Database initialized successfully
2025-08-29 13:04:13,974 - INFO - Starting Streamlit dashboard...
2025-08-29 13:17:05,796 - INFO - Starting Smart Attendance System...
2025-08-29 13:17:07,710 - INFO - Database initialized successfully
2025-08-29 13:17:07,711 - INFO - Database initialized successfully
2025-08-29 13:17:07,711 - INFO - Starting Streamlit dashboard...
2025-08-29 13:23:14,224 - INFO - Starting Smart Attendance System...
2025-08-29 13:23:15,828 - INFO - Database initialized successfully
2025-08-29 13:23:15,828 - INFO - Database initialized successfully
2025-08-29 13:23:15,828 - INFO - Starting Streamlit dashboard...
2025-08-29 13:26:27,287 - INFO - Starting Smart Attendance System...
2025-08-29 13:26:28,810 - INFO - Database initialized successfully
2025-08-29 13:26:28,810 - INFO - Database initialized successfully
2025-08-29 13:26:28,811 - INFO - Starting Streamlit dashboard...
2025-08-29 13:29:49,067 - INFO - Starting Smart Attendance System...
2025-08-29 13:29:50,574 - INFO - Database initialized successfully
2025-08-29 13:29:50,574 - INFO - Database initialized successfully
2025-08-29 13:29:50,574 - INFO - Starting Streamlit dashboard...
2025-08-29 13:31:50,025 - INFO - Starting Smart Attendance System...
2025-08-29 13:31:51,813 - INFO - Database initialized successfully
2025-08-29 13:31:51,814 - INFO - Database initialized successfully
2025-08-29 13:31:51,814 - INFO - Starting Streamlit dashboard...
2025-08-29 13:34:20,769 - INFO - Starting Smart Attendance System...
2025-08-29 13:34:22,381 - INFO - Database initialized successfully
2025-08-29 13:34:22,381 - INFO - Database initialized successfully
2025-08-29 13:34:22,381 - INFO - Starting Streamlit dashboard...
2025-08-29 13:36:41,583 - INFO - Starting Smart Attendance System...
2025-08-29 13:36:43,134 - INFO - Database initialized successfully
2025-08-29 13:36:43,134 - INFO - Database initialized successfully
2025-08-29 13:36:43,135 - INFO - Starting Streamlit dashboard...
2025-08-29 13:42:14,432 - INFO - Starting Smart Attendance System...
2025-08-29 13:42:16,107 - INFO - Database initialized successfully
2025-08-29 13:42:16,107 - INFO - Database initialized successfully
2025-08-29 13:42:16,107 - INFO - Starting Streamlit dashboard...
2025-08-29 14:01:15,303 - INFO - Starting Smart Attendance System...
2025-08-29 14:01:16,816 - INFO - Database initialized successfully
2025-08-29 14:01:16,817 - INFO - Database initialized successfully
2025-08-29 14:01:16,817 - INFO - Starting Streamlit dashboard...
2025-08-29 14:09:20,720 - INFO - Starting Smart Attendance System...
2025-08-29 14:09:22,749 - INFO - Database initialized successfully
2025-08-29 14:09:22,749 - INFO - Database initialized successfully
2025-08-29 14:09:22,749 - INFO - Starting Streamlit dashboard...
2025-08-29 14:12:27,086 - INFO - Starting Smart Attendance System...
2025-08-29 14:12:49,810 - INFO - Database initialized successfully
2025-08-29 14:12:49,810 - INFO - Database initialized successfully
2025-08-29 14:12:49,811 - INFO - Starting Streamlit dashboard...
2025-08-29 14:16:13,573 - INFO - Starting Smart Attendance System...
2025-08-29 14:16:15,124 - INFO - Database initialized successfully
2025-08-29 14:16:15,124 - INFO - Database initialized successfully
2025-08-29 14:16:15,124 - INFO - Starting Streamlit dashboard...
2025-08-29 14:19:10,428 - INFO - Starting Smart Attendance System...
2025-08-29 14:19:11,793 - INFO - Database initialized successfully
2025-08-29 14:19:11,794 - INFO - Database initialized successfully
2025-08-29 14:19:11,794 - INFO - Starting Streamlit dashboard...
2025-08-29 14:34:21,067 - INFO - Starting Smart Attendance System...
2025-08-29 14:34:35,781 - INFO - Database initialized successfully
2025-08-29 14:34:35,781 - INFO - Database initialized successfully
2025-08-29 14:34:35,781 - INFO - Starting Streamlit dashboard...
2025-08-29 14:35:41,896 - INFO - Starting Smart Attendance System...
2025-08-29 14:35:43,202 - INFO - Database initialized successfully
2025-08-29 14:35:43,202 - INFO - Database initialized successfully
2025-08-29 14:35:43,202 - INFO - Starting Streamlit dashboard...
2025-08-29 14:48:01,197 - INFO - Starting Smart Attendance System...
2025-08-29 14:48:02,707 - INFO - Database initialized successfully
2025-08-29 14:48:02,707 - INFO - Database initialized successfully
2025-08-29 14:48:02,707 - INFO - Starting Streamlit dashboard...
2025-08-29 16:14:59,719 - INFO - Starting Smart Attendance System...
2025-08-29 16:15:01,682 - INFO - Database initialized successfully
2025-08-29 16:15:01,682 - INFO - Database initialized successfully
2025-08-29 16:15:01,683 - INFO - Starting Streamlit dashboard...
2025-08-29 16:15:57,471 - INFO - Starting Smart Attendance System...
2025-08-29 16:15:59,177 - INFO - Database initialized successfully
2025-08-29 16:15:59,177 - INFO - Database initialized successfully
2025-08-29 16:15:59,177 - INFO - Starting Streamlit dashboard...
2025-08-29 16:34:13,377 - INFO - Starting Smart Attendance System...
2025-08-29 16:34:15,081 - INFO - Database initialized successfully
2025-08-29 16:34:15,081 - INFO - Database initialized successfully
2025-08-29 16:34:15,081 - INFO - Starting Streamlit dashboard...
2025-08-29 18:23:20,541 - INFO - Starting Smart Attendance System...
2025-08-29 18:23:22,332 - INFO - Database initialized successfully
2025-08-29 18:23:22,332 - INFO - Database initialized successfully
2025-08-29 18:23:22,332 - INFO - Starting Streamlit dashboard...
2025-08-30 09:05:44,666 - INFO - Starting Smart Attendance System...
2025-08-30 09:05:54,512 - INFO - Database initialized successfully
2025-08-30 09:05:54,513 - INFO - Database initialized successfully
2025-08-30 09:05:54,513 - INFO - Starting Streamlit dashboard...
2025-08-30 13:47:59,400 - INFO - Starting Smart Attendance System...
2025-08-30 13:48:01,152 - INFO - Database initialized successfully
2025-08-30 13:48:01,153 - INFO - Database initialized successfully
2025-08-30 13:48:01,154 - INFO - Starting Streamlit dashboard...
